<?xml version="1.0" encoding="UTF-8"?>
<!-- Generated by org.testng.reporters.JUnitReportReporter -->
<testsuite skipped="0" hostname="riverbelt" name="com.automation.tests.PagePersonalTest" tests="2" failures="0" timestamp="11 Sep 2019 16:13:27 GMT" time="16.814" errors="0">
  <testcase name="inputInvalidEmailFormat" time="4.956" classname="com.automation.tests.PagePersonalTest"/>
  <testcase name="inputValidData" time="11.858" classname="com.automation.tests.PagePersonalTest"/>
</testsuite> <!-- com.automation.tests.PagePersonalTest -->
