<?xml version="1.0" encoding="UTF-8"?>
<!-- Generated by org.testng.reporters.JUnitReportReporter -->
<testsuite skipped="0" hostname="riverbelt" name="com.automation.tests.PagePersonalTest" tests="1" failures="0" timestamp="11 Sep 2019 15:30:36 GMT" time="1.294" errors="0">
  <testcase name="test" time="1.294" classname="com.automation.tests.PagePersonalTest"/>
</testsuite> <!-- com.automation.tests.PagePersonalTest -->
