<?xml version="1.0" encoding="UTF-8"?>
<testsuite xmlns:xsi="http://www.w3.org/2001/XMLSchema-instance" xsi:noNamespaceSchemaLocation="https://maven.apache.org/surefire/maven-surefire-plugin/xsd/surefire-test-report.xsd" name="TestSuite" time="12.387" tests="1" errors="0" skipped="0" failures="0">
  <properties>
    <property name="sun.desktop" value="gnome"/>
    <property name="awt.toolkit" value="sun.awt.X11.XToolkit"/>
    <property name="file.encoding.pkg" value="sun.io"/>
    <property name="java.specification.version" value="1.8"/>
    <property name="sun.cpu.isalist" value=""/>
    <property name="sun.jnu.encoding" value="UTF-8"/>
    <property name="java.class.path" value="/home/rocky/git/lucy_api_test_script/AutomationCore/target/test-classes:/home/rocky/git/lucy_api_test_script/AutomationCore/target/classes:/home/rocky/.m2/repository/io/github/bonigarcia/webdrivermanager/3.6.2/webdrivermanager-3.6.2.jar:/home/rocky/.m2/repository/org/slf4j/slf4j-api/1.7.25/slf4j-api-1.7.25.jar:/home/rocky/.m2/repository/commons-io/commons-io/2.6/commons-io-2.6.jar:/home/rocky/.m2/repository/com/google/code/gson/gson/2.8.5/gson-2.8.5.jar:/home/rocky/.m2/repository/org/apache/commons/commons-lang3/3.8.1/commons-lang3-3.8.1.jar:/home/rocky/.m2/repository/org/apache/httpcomponents/httpclient/4.5.6/httpclient-4.5.6.jar:/home/rocky/.m2/repository/org/rauschig/jarchivelib/1.0.0/jarchivelib-1.0.0.jar:/home/rocky/.m2/repository/org/jsoup/jsoup/1.11.3/jsoup-1.11.3.jar:/home/rocky/.m2/repository/org/aspectj/aspectjweaver/1.8.10/aspectjweaver-1.8.10.jar:/home/rocky/.m2/repository/com/google/inject/guice/4.0/guice-4.0.jar:/home/rocky/.m2/repository/javax/inject/javax.inject/1/javax.inject-1.jar:/home/rocky/.m2/repository/aopalliance/aopalliance/1.0/aopalliance-1.0.jar:/home/rocky/.m2/repository/org/testng/testng/6.11/testng-6.11.jar:/home/rocky/.m2/repository/com/beust/jcommander/1.64/jcommander-1.64.jar:/home/rocky/.m2/repository/org/yaml/snakeyaml/1.17/snakeyaml-1.17.jar:/home/rocky/.m2/repository/org/seleniumhq/selenium/selenium-java/3.14.0/selenium-java-3.14.0.jar:/home/rocky/.m2/repository/org/seleniumhq/selenium/selenium-api/3.14.0/selenium-api-3.14.0.jar:/home/rocky/.m2/repository/org/seleniumhq/selenium/selenium-chrome-driver/3.14.0/selenium-chrome-driver-3.14.0.jar:/home/rocky/.m2/repository/org/seleniumhq/selenium/selenium-edge-driver/3.14.0/selenium-edge-driver-3.14.0.jar:/home/rocky/.m2/repository/org/seleniumhq/selenium/selenium-firefox-driver/3.14.0/selenium-firefox-driver-3.14.0.jar:/home/rocky/.m2/repository/org/seleniumhq/selenium/selenium-ie-driver/3.14.0/selenium-ie-driver-3.14.0.jar:/home/rocky/.m2/repository/org/seleniumhq/selenium/selenium-opera-driver/3.14.0/selenium-opera-driver-3.14.0.jar:/home/rocky/.m2/repository/org/seleniumhq/selenium/selenium-remote-driver/3.14.0/selenium-remote-driver-3.14.0.jar:/home/rocky/.m2/repository/org/seleniumhq/selenium/selenium-safari-driver/3.14.0/selenium-safari-driver-3.14.0.jar:/home/rocky/.m2/repository/org/seleniumhq/selenium/selenium-support/3.14.0/selenium-support-3.14.0.jar:/home/rocky/.m2/repository/net/bytebuddy/byte-buddy/1.8.15/byte-buddy-1.8.15.jar:/home/rocky/.m2/repository/org/apache/commons/commons-exec/1.3/commons-exec-1.3.jar:/home/rocky/.m2/repository/commons-codec/commons-codec/1.10/commons-codec-1.10.jar:/home/rocky/.m2/repository/commons-logging/commons-logging/1.2/commons-logging-1.2.jar:/home/rocky/.m2/repository/org/apache/httpcomponents/httpcore/4.4.9/httpcore-4.4.9.jar:/home/rocky/.m2/repository/com/squareup/okhttp3/okhttp/3.10.0/okhttp-3.10.0.jar:/home/rocky/.m2/repository/com/squareup/okio/okio/1.14.1/okio-1.14.1.jar:/home/rocky/.m2/repository/io/appium/java-client/7.0.0/java-client-7.0.0.jar:/home/rocky/.m2/repository/cglib/cglib/3.2.8/cglib-3.2.8.jar:/home/rocky/.m2/repository/org/ow2/asm/asm/6.2.1/asm-6.2.1.jar:/home/rocky/.m2/repository/org/apache/ant/ant/1.10.3/ant-1.10.3.jar:/home/rocky/.m2/repository/org/apache/ant/ant-launcher/1.10.3/ant-launcher-1.10.3.jar:/home/rocky/.m2/repository/commons-validator/commons-validator/1.6/commons-validator-1.6.jar:/home/rocky/.m2/repository/commons-beanutils/commons-beanutils/1.9.2/commons-beanutils-1.9.2.jar:/home/rocky/.m2/repository/commons-digester/commons-digester/1.8.1/commons-digester-1.8.1.jar:/home/rocky/.m2/repository/io/selendroid/android-driver-app/0.17.0/android-driver-app-0.17.0.jar:/home/rocky/.m2/repository/org/springframework/spring-aop/4.2.5.RELEASE/spring-aop-4.2.5.RELEASE.jar:/home/rocky/.m2/repository/org/springframework/spring-web/4.2.5.RELEASE/spring-web-4.2.5.RELEASE.jar:/home/rocky/.m2/repository/org/springframework/spring-context-support/4.2.5.RELEASE/spring-context-support-4.2.5.RELEASE.jar:/home/rocky/.m2/repository/org/springframework/spring-beans/4.2.5.RELEASE/spring-beans-4.2.5.RELEASE.jar:/home/rocky/.m2/repository/org/springframework/spring-context/4.2.5.RELEASE/spring-context-4.2.5.RELEASE.jar:/home/rocky/.m2/repository/org/springframework/spring-expression/4.2.5.RELEASE/spring-expression-4.2.5.RELEASE.jar:/home/rocky/.m2/repository/org/springframework/spring-core/4.2.5.RELEASE/spring-core-4.2.5.RELEASE.jar:/home/rocky/.m2/repository/org/springframework/spring-test/4.2.5.RELEASE/spring-test-4.2.5.RELEASE.jar:/home/rocky/.m2/repository/org/scream3r/jssc/2.8.0/jssc-2.8.0.jar:/home/rocky/.m2/repository/org/uncommons/reportng/1.1.4/reportng-1.1.4.jar:/home/rocky/.m2/repository/velocity/velocity/1.4/velocity-1.4.jar:/home/rocky/.m2/repository/velocity/velocity-dep/1.4/velocity-dep-1.4.jar:/home/rocky/.m2/repository/javax/mail/mail/1.4/mail-1.4.jar:/home/rocky/.m2/repository/javax/activation/activation/1.1/activation-1.1.jar:/home/rocky/.m2/repository/com/jayway/restassured/rest-assured/2.9.0/rest-assured-2.9.0.jar:/home/rocky/.m2/repository/org/codehaus/groovy/groovy/2.4.4/groovy-2.4.4.jar:/home/rocky/.m2/repository/org/codehaus/groovy/groovy-xml/2.4.4/groovy-xml-2.4.4.jar:/home/rocky/.m2/repository/org/apache/httpcomponents/httpmime/4.5.1/httpmime-4.5.1.jar:/home/rocky/.m2/repository/org/hamcrest/hamcrest-core/1.3/hamcrest-core-1.3.jar:/home/rocky/.m2/repository/org/hamcrest/hamcrest-library/1.3/hamcrest-library-1.3.jar:/home/rocky/.m2/repository/org/ccil/cowan/tagsoup/tagsoup/1.2.1/tagsoup-1.2.1.jar:/home/rocky/.m2/repository/com/jayway/restassured/json-path/2.9.0/json-path-2.9.0.jar:/home/rocky/.m2/repository/org/codehaus/groovy/groovy-json/2.4.4/groovy-json-2.4.4.jar:/home/rocky/.m2/repository/com/jayway/restassured/rest-assured-common/2.9.0/rest-assured-common-2.9.0.jar:/home/rocky/.m2/repository/com/jayway/restassured/xml-path/2.9.0/xml-path-2.9.0.jar:/home/rocky/.m2/repository/org/apache/velocity/velocity/1.7/velocity-1.7.jar:/home/rocky/.m2/repository/commons-collections/commons-collections/3.2.1/commons-collections-3.2.1.jar:/home/rocky/.m2/repository/commons-lang/commons-lang/2.4/commons-lang-2.4.jar:/home/rocky/.m2/repository/org/eclipse/paho/org.eclipse.paho.client.mqttv3/1.1.1/org.eclipse.paho.client.mqttv3-1.1.1.jar:/home/rocky/.m2/repository/com/cedarsoftware/json-io/4.10.0/json-io-4.10.0.jar:/home/rocky/.m2/repository/io/qameta/allure/allure-testng/2.0-BETA19/allure-testng-2.0-BETA19.jar:/home/rocky/.m2/repository/io/qameta/allure/allure-descriptions-javadoc/2.0-BETA19/allure-descriptions-javadoc-2.0-BETA19.jar:/home/rocky/.m2/repository/io/qameta/allure/allure-java-commons/2.0-BETA19/allure-java-commons-2.0-BETA19.jar:/home/rocky/.m2/repository/io/qameta/allure/allure2-model-api/1.0-BETA6/allure2-model-api-1.0-BETA6.jar:/home/rocky/.m2/repository/io/qameta/allure/allure2-model-pojo/1.0-BETA6/allure2-model-pojo-1.0-BETA6.jar:/home/rocky/.m2/repository/org/apache/tika/tika-core/1.14/tika-core-1.14.jar:/home/rocky/.m2/repository/io/qameta/allure/allure2-model-jackson/1.0-BETA6/allure2-model-jackson-1.0-BETA6.jar:/home/rocky/.m2/repository/com/fasterxml/jackson/core/jackson-databind/2.7.0/jackson-databind-2.7.0.jar:/home/rocky/.m2/repository/com/fasterxml/jackson/core/jackson-annotations/2.7.0/jackson-annotations-2.7.0.jar:/home/rocky/.m2/repository/com/fasterxml/jackson/core/jackson-core/2.7.0/jackson-core-2.7.0.jar:/home/rocky/.m2/repository/com/fasterxml/jackson/module/jackson-module-jaxb-annotations/2.7.0/jackson-module-jaxb-annotations-2.7.0.jar:/home/rocky/.m2/repository/org/aspectj/aspectjrt/1.8.10/aspectjrt-1.8.10.jar:/home/rocky/.m2/repository/org/jooq/joor/0.9.6/joor-0.9.6.jar:/home/rocky/.m2/repository/com/relevantcodes/extentreports/2.41.2/extentreports-2.41.2.jar:/home/rocky/.m2/repository/org/xerial/sqlite-jdbc/3.8.11.1/sqlite-jdbc-3.8.11.1.jar:/home/rocky/.m2/repository/org/freemarker/freemarker/2.3.23/freemarker-2.3.23.jar:/home/rocky/.m2/repository/org/mongodb/mongodb-driver/3.0.4/mongodb-driver-3.0.4.jar:/home/rocky/.m2/repository/org/mongodb/bson/3.0.4/bson-3.0.4.jar:/home/rocky/.m2/repository/org/mongodb/mongodb-driver-core/3.0.4/mongodb-driver-core-3.0.4.jar:/home/rocky/.m2/repository/com/eclipsesource/minimal-json/minimal-json/0.9.4/minimal-json-0.9.4.jar:/home/rocky/.m2/repository/com/microsoft/sqlserver/mssql-jdbc/6.1.0.jre8/mssql-jdbc-6.1.0.jre8.jar:/home/rocky/.m2/repository/com/microsoft/azure/azure-keyvault/0.9.3/azure-keyvault-0.9.3.jar:/home/rocky/.m2/repository/com/microsoft/azure/azure-core/0.9.3/azure-core-0.9.3.jar:/home/rocky/.m2/repository/com/sun/jersey/jersey-client/1.13/jersey-client-1.13.jar:/home/rocky/.m2/repository/com/sun/jersey/jersey-core/1.13/jersey-core-1.13.jar:/home/rocky/.m2/repository/com/sun/jersey/jersey-json/1.13/jersey-json-1.13.jar:/home/rocky/.m2/repository/org/codehaus/jettison/jettison/1.1/jettison-1.1.jar:/home/rocky/.m2/repository/stax/stax-api/1.0.1/stax-api-1.0.1.jar:/home/rocky/.m2/repository/com/sun/xml/bind/jaxb-impl/2.2.3-1/jaxb-impl-2.2.3-1.jar:/home/rocky/.m2/repository/javax/xml/bind/jaxb-api/2.2.2/jaxb-api-2.2.2.jar:/home/rocky/.m2/repository/javax/xml/stream/stax-api/1.0-2/stax-api-1.0-2.jar:/home/rocky/.m2/repository/org/codehaus/jackson/jackson-core-asl/1.9.2/jackson-core-asl-1.9.2.jar:/home/rocky/.m2/repository/org/codehaus/jackson/jackson-mapper-asl/1.9.2/jackson-mapper-asl-1.9.2.jar:/home/rocky/.m2/repository/org/codehaus/jackson/jackson-jaxrs/1.9.2/jackson-jaxrs-1.9.2.jar:/home/rocky/.m2/repository/org/codehaus/jackson/jackson-xc/1.9.2/jackson-xc-1.9.2.jar:/home/rocky/.m2/repository/com/microsoft/azure/adal4j/1.0.0/adal4j-1.0.0.jar:/home/rocky/.m2/repository/com/nimbusds/oauth2-oidc-sdk/4.5/oauth2-oidc-sdk-4.5.jar:/home/rocky/.m2/repository/net/jcip/jcip-annotations/1.0/jcip-annotations-1.0.jar:/home/rocky/.m2/repository/net/minidev/json-smart/1.1.1/json-smart-1.1.1.jar:/home/rocky/.m2/repository/com/nimbusds/lang-tag/1.4/lang-tag-1.4.jar:/home/rocky/.m2/repository/com/nimbusds/nimbus-jose-jwt/3.1.2/nimbus-jose-jwt-3.1.2.jar:/home/rocky/.m2/repository/org/bouncycastle/bcprov-jdk15on/1.51/bcprov-jdk15on-1.51.jar:/home/rocky/.m2/repository/mysql/mysql-connector-java/8.0.13/mysql-connector-java-8.0.13.jar:/home/rocky/.m2/repository/com/google/protobuf/protobuf-java/3.6.1/protobuf-java-3.6.1.jar:/home/rocky/.m2/repository/com/google/guava/guava/28.0-jre/guava-28.0-jre.jar:/home/rocky/.m2/repository/com/google/guava/failureaccess/1.0.1/failureaccess-1.0.1.jar:/home/rocky/.m2/repository/com/google/guava/listenablefuture/9999.0-empty-to-avoid-conflict-with-guava/listenablefuture-9999.0-empty-to-avoid-conflict-with-guava.jar:/home/rocky/.m2/repository/com/google/code/findbugs/jsr305/3.0.2/jsr305-3.0.2.jar:/home/rocky/.m2/repository/org/checkerframework/checker-qual/2.8.1/checker-qual-2.8.1.jar:/home/rocky/.m2/repository/com/google/errorprone/error_prone_annotations/2.3.2/error_prone_annotations-2.3.2.jar:/home/rocky/.m2/repository/com/google/j2objc/j2objc-annotations/1.3/j2objc-annotations-1.3.jar:/home/rocky/.m2/repository/org/codehaus/mojo/animal-sniffer-annotations/1.17/animal-sniffer-annotations-1.17.jar:/home/rocky/.m2/repository/org/json/json/20180130/json-20180130.jar:/home/rocky/.m2/repository/org/apache/poi/poi/4.1.0/poi-4.1.0.jar:/home/rocky/.m2/repository/org/apache/commons/commons-collections4/4.3/commons-collections4-4.3.jar:/home/rocky/.m2/repository/org/apache/commons/commons-math3/3.6.1/commons-math3-3.6.1.jar:/home/rocky/.m2/repository/org/apache/poi/poi-ooxml/4.1.0/poi-ooxml-4.1.0.jar:/home/rocky/.m2/repository/org/apache/poi/poi-ooxml-schemas/4.1.0/poi-ooxml-schemas-4.1.0.jar:/home/rocky/.m2/repository/org/apache/xmlbeans/xmlbeans/3.1.0/xmlbeans-3.1.0.jar:/home/rocky/.m2/repository/org/apache/commons/commons-compress/1.18/commons-compress-1.18.jar:/home/rocky/.m2/repository/com/github/virtuald/curvesapi/1.06/curvesapi-1.06.jar:/home/rocky/.m2/repository/log4j/log4j/1.2.17/log4j-1.2.17.jar:/home/rocky/.m2/repository/net/sourceforge/tess4j/tess4j/4.3.1/tess4j-4.3.1.jar:/home/rocky/.m2/repository/net/java/dev/jna/jna/5.1.0/jna-5.1.0.jar:/home/rocky/.m2/repository/com/github/jai-imageio/jai-imageio-core/1.4.0/jai-imageio-core-1.4.0.jar:/home/rocky/.m2/repository/org/ghost4j/ghost4j/1.0.1/ghost4j-1.0.1.jar:/home/rocky/.m2/repository/org/apache/xmlgraphics/xmlgraphics-commons/1.4/xmlgraphics-commons-1.4.jar:/home/rocky/.m2/repository/com/lowagie/itext/2.1.7/itext-2.1.7.jar:/home/rocky/.m2/repository/org/apache/pdfbox/pdfbox/2.0.12/pdfbox-2.0.12.jar:/home/rocky/.m2/repository/org/apache/pdfbox/fontbox/2.0.12/fontbox-2.0.12.jar:/home/rocky/.m2/repository/org/apache/pdfbox/pdfbox-tools/2.0.12/pdfbox-tools-2.0.12.jar:/home/rocky/.m2/repository/org/apache/pdfbox/pdfbox-debugger/2.0.12/pdfbox-debugger-2.0.12.jar:/home/rocky/.m2/repository/org/apache/pdfbox/jbig2-imageio/3.0.2/jbig2-imageio-3.0.2.jar:/home/rocky/.m2/repository/net/sourceforge/lept4j/lept4j/1.10.0/lept4j-1.10.0.jar:/home/rocky/.m2/repository/org/jboss/jboss-vfs/3.2.14.Final/jboss-vfs-3.2.14.Final.jar:/home/rocky/.m2/repository/org/jboss/logging/jboss-logging/3.1.4.GA/jboss-logging-3.1.4.GA.jar:/home/rocky/.m2/repository/ch/qos/logback/logback-classic/1.2.3/logback-classic-1.2.3.jar:/home/rocky/.m2/repository/ch/qos/logback/logback-core/1.2.3/logback-core-1.2.3.jar:/home/rocky/.m2/repository/org/slf4j/jul-to-slf4j/1.7.25/jul-to-slf4j-1.7.25.jar:/home/rocky/.m2/repository/org/slf4j/jcl-over-slf4j/1.7.25/jcl-over-slf4j-1.7.25.jar:/home/rocky/.m2/repository/org/slf4j/log4j-over-slf4j/1.7.25/log4j-over-slf4j-1.7.25.jar:"/>
    <property name="java.vm.vendor" value="Oracle Corporation"/>
    <property name="sun.arch.data.model" value="64"/>
    <property name="java.vendor.url" value="http://java.oracle.com/"/>
    <property name="user.timezone" value=""/>
    <property name="suiteXmlFile" value="PersonalPageTest.xml"/>
    <property name="java.vm.specification.version" value="1.8"/>
    <property name="os.name" value="Linux"/>
    <property name="user.country" value="US"/>
    <property name="sun.java.launcher" value="SUN_STANDARD"/>
    <property name="sun.boot.library.path" value="/home/programs/java/jdk1.8.0_211_x64/jre/lib/amd64"/>
    <property name="sun.java.command" value="/home/rocky/git/lucy_api_test_script/AutomationCore/target/surefire/surefirebooter2733575591176375035.jar /home/rocky/git/lucy_api_test_script/AutomationCore/target/surefire 2019-09-11T22-30-22_941-jvmRun1 surefire6604074110835842669tmp surefire_09008244489712611458tmp"/>
    <property name="surefire.test.class.path" value="/home/rocky/git/lucy_api_test_script/AutomationCore/target/test-classes:/home/rocky/git/lucy_api_test_script/AutomationCore/target/classes:/home/rocky/.m2/repository/io/github/bonigarcia/webdrivermanager/3.6.2/webdrivermanager-3.6.2.jar:/home/rocky/.m2/repository/org/slf4j/slf4j-api/1.7.25/slf4j-api-1.7.25.jar:/home/rocky/.m2/repository/commons-io/commons-io/2.6/commons-io-2.6.jar:/home/rocky/.m2/repository/com/google/code/gson/gson/2.8.5/gson-2.8.5.jar:/home/rocky/.m2/repository/org/apache/commons/commons-lang3/3.8.1/commons-lang3-3.8.1.jar:/home/rocky/.m2/repository/org/apache/httpcomponents/httpclient/4.5.6/httpclient-4.5.6.jar:/home/rocky/.m2/repository/org/rauschig/jarchivelib/1.0.0/jarchivelib-1.0.0.jar:/home/rocky/.m2/repository/org/jsoup/jsoup/1.11.3/jsoup-1.11.3.jar:/home/rocky/.m2/repository/org/aspectj/aspectjweaver/1.8.10/aspectjweaver-1.8.10.jar:/home/rocky/.m2/repository/com/google/inject/guice/4.0/guice-4.0.jar:/home/rocky/.m2/repository/javax/inject/javax.inject/1/javax.inject-1.jar:/home/rocky/.m2/repository/aopalliance/aopalliance/1.0/aopalliance-1.0.jar:/home/rocky/.m2/repository/org/testng/testng/6.11/testng-6.11.jar:/home/rocky/.m2/repository/com/beust/jcommander/1.64/jcommander-1.64.jar:/home/rocky/.m2/repository/org/yaml/snakeyaml/1.17/snakeyaml-1.17.jar:/home/rocky/.m2/repository/org/seleniumhq/selenium/selenium-java/3.14.0/selenium-java-3.14.0.jar:/home/rocky/.m2/repository/org/seleniumhq/selenium/selenium-api/3.14.0/selenium-api-3.14.0.jar:/home/rocky/.m2/repository/org/seleniumhq/selenium/selenium-chrome-driver/3.14.0/selenium-chrome-driver-3.14.0.jar:/home/rocky/.m2/repository/org/seleniumhq/selenium/selenium-edge-driver/3.14.0/selenium-edge-driver-3.14.0.jar:/home/rocky/.m2/repository/org/seleniumhq/selenium/selenium-firefox-driver/3.14.0/selenium-firefox-driver-3.14.0.jar:/home/rocky/.m2/repository/org/seleniumhq/selenium/selenium-ie-driver/3.14.0/selenium-ie-driver-3.14.0.jar:/home/rocky/.m2/repository/org/seleniumhq/selenium/selenium-opera-driver/3.14.0/selenium-opera-driver-3.14.0.jar:/home/rocky/.m2/repository/org/seleniumhq/selenium/selenium-remote-driver/3.14.0/selenium-remote-driver-3.14.0.jar:/home/rocky/.m2/repository/org/seleniumhq/selenium/selenium-safari-driver/3.14.0/selenium-safari-driver-3.14.0.jar:/home/rocky/.m2/repository/org/seleniumhq/selenium/selenium-support/3.14.0/selenium-support-3.14.0.jar:/home/rocky/.m2/repository/net/bytebuddy/byte-buddy/1.8.15/byte-buddy-1.8.15.jar:/home/rocky/.m2/repository/org/apache/commons/commons-exec/1.3/commons-exec-1.3.jar:/home/rocky/.m2/repository/commons-codec/commons-codec/1.10/commons-codec-1.10.jar:/home/rocky/.m2/repository/commons-logging/commons-logging/1.2/commons-logging-1.2.jar:/home/rocky/.m2/repository/org/apache/httpcomponents/httpcore/4.4.9/httpcore-4.4.9.jar:/home/rocky/.m2/repository/com/squareup/okhttp3/okhttp/3.10.0/okhttp-3.10.0.jar:/home/rocky/.m2/repository/com/squareup/okio/okio/1.14.1/okio-1.14.1.jar:/home/rocky/.m2/repository/io/appium/java-client/7.0.0/java-client-7.0.0.jar:/home/rocky/.m2/repository/cglib/cglib/3.2.8/cglib-3.2.8.jar:/home/rocky/.m2/repository/org/ow2/asm/asm/6.2.1/asm-6.2.1.jar:/home/rocky/.m2/repository/org/apache/ant/ant/1.10.3/ant-1.10.3.jar:/home/rocky/.m2/repository/org/apache/ant/ant-launcher/1.10.3/ant-launcher-1.10.3.jar:/home/rocky/.m2/repository/commons-validator/commons-validator/1.6/commons-validator-1.6.jar:/home/rocky/.m2/repository/commons-beanutils/commons-beanutils/1.9.2/commons-beanutils-1.9.2.jar:/home/rocky/.m2/repository/commons-digester/commons-digester/1.8.1/commons-digester-1.8.1.jar:/home/rocky/.m2/repository/io/selendroid/android-driver-app/0.17.0/android-driver-app-0.17.0.jar:/home/rocky/.m2/repository/org/springframework/spring-aop/4.2.5.RELEASE/spring-aop-4.2.5.RELEASE.jar:/home/rocky/.m2/repository/org/springframework/spring-web/4.2.5.RELEASE/spring-web-4.2.5.RELEASE.jar:/home/rocky/.m2/repository/org/springframework/spring-context-support/4.2.5.RELEASE/spring-context-support-4.2.5.RELEASE.jar:/home/rocky/.m2/repository/org/springframework/spring-beans/4.2.5.RELEASE/spring-beans-4.2.5.RELEASE.jar:/home/rocky/.m2/repository/org/springframework/spring-context/4.2.5.RELEASE/spring-context-4.2.5.RELEASE.jar:/home/rocky/.m2/repository/org/springframework/spring-expression/4.2.5.RELEASE/spring-expression-4.2.5.RELEASE.jar:/home/rocky/.m2/repository/org/springframework/spring-core/4.2.5.RELEASE/spring-core-4.2.5.RELEASE.jar:/home/rocky/.m2/repository/org/springframework/spring-test/4.2.5.RELEASE/spring-test-4.2.5.RELEASE.jar:/home/rocky/.m2/repository/org/scream3r/jssc/2.8.0/jssc-2.8.0.jar:/home/rocky/.m2/repository/org/uncommons/reportng/1.1.4/reportng-1.1.4.jar:/home/rocky/.m2/repository/velocity/velocity/1.4/velocity-1.4.jar:/home/rocky/.m2/repository/velocity/velocity-dep/1.4/velocity-dep-1.4.jar:/home/rocky/.m2/repository/javax/mail/mail/1.4/mail-1.4.jar:/home/rocky/.m2/repository/javax/activation/activation/1.1/activation-1.1.jar:/home/rocky/.m2/repository/com/jayway/restassured/rest-assured/2.9.0/rest-assured-2.9.0.jar:/home/rocky/.m2/repository/org/codehaus/groovy/groovy/2.4.4/groovy-2.4.4.jar:/home/rocky/.m2/repository/org/codehaus/groovy/groovy-xml/2.4.4/groovy-xml-2.4.4.jar:/home/rocky/.m2/repository/org/apache/httpcomponents/httpmime/4.5.1/httpmime-4.5.1.jar:/home/rocky/.m2/repository/org/hamcrest/hamcrest-core/1.3/hamcrest-core-1.3.jar:/home/rocky/.m2/repository/org/hamcrest/hamcrest-library/1.3/hamcrest-library-1.3.jar:/home/rocky/.m2/repository/org/ccil/cowan/tagsoup/tagsoup/1.2.1/tagsoup-1.2.1.jar:/home/rocky/.m2/repository/com/jayway/restassured/json-path/2.9.0/json-path-2.9.0.jar:/home/rocky/.m2/repository/org/codehaus/groovy/groovy-json/2.4.4/groovy-json-2.4.4.jar:/home/rocky/.m2/repository/com/jayway/restassured/rest-assured-common/2.9.0/rest-assured-common-2.9.0.jar:/home/rocky/.m2/repository/com/jayway/restassured/xml-path/2.9.0/xml-path-2.9.0.jar:/home/rocky/.m2/repository/org/apache/velocity/velocity/1.7/velocity-1.7.jar:/home/rocky/.m2/repository/commons-collections/commons-collections/3.2.1/commons-collections-3.2.1.jar:/home/rocky/.m2/repository/commons-lang/commons-lang/2.4/commons-lang-2.4.jar:/home/rocky/.m2/repository/org/eclipse/paho/org.eclipse.paho.client.mqttv3/1.1.1/org.eclipse.paho.client.mqttv3-1.1.1.jar:/home/rocky/.m2/repository/com/cedarsoftware/json-io/4.10.0/json-io-4.10.0.jar:/home/rocky/.m2/repository/io/qameta/allure/allure-testng/2.0-BETA19/allure-testng-2.0-BETA19.jar:/home/rocky/.m2/repository/io/qameta/allure/allure-descriptions-javadoc/2.0-BETA19/allure-descriptions-javadoc-2.0-BETA19.jar:/home/rocky/.m2/repository/io/qameta/allure/allure-java-commons/2.0-BETA19/allure-java-commons-2.0-BETA19.jar:/home/rocky/.m2/repository/io/qameta/allure/allure2-model-api/1.0-BETA6/allure2-model-api-1.0-BETA6.jar:/home/rocky/.m2/repository/io/qameta/allure/allure2-model-pojo/1.0-BETA6/allure2-model-pojo-1.0-BETA6.jar:/home/rocky/.m2/repository/org/apache/tika/tika-core/1.14/tika-core-1.14.jar:/home/rocky/.m2/repository/io/qameta/allure/allure2-model-jackson/1.0-BETA6/allure2-model-jackson-1.0-BETA6.jar:/home/rocky/.m2/repository/com/fasterxml/jackson/core/jackson-databind/2.7.0/jackson-databind-2.7.0.jar:/home/rocky/.m2/repository/com/fasterxml/jackson/core/jackson-annotations/2.7.0/jackson-annotations-2.7.0.jar:/home/rocky/.m2/repository/com/fasterxml/jackson/core/jackson-core/2.7.0/jackson-core-2.7.0.jar:/home/rocky/.m2/repository/com/fasterxml/jackson/module/jackson-module-jaxb-annotations/2.7.0/jackson-module-jaxb-annotations-2.7.0.jar:/home/rocky/.m2/repository/org/aspectj/aspectjrt/1.8.10/aspectjrt-1.8.10.jar:/home/rocky/.m2/repository/org/jooq/joor/0.9.6/joor-0.9.6.jar:/home/rocky/.m2/repository/com/relevantcodes/extentreports/2.41.2/extentreports-2.41.2.jar:/home/rocky/.m2/repository/org/xerial/sqlite-jdbc/3.8.11.1/sqlite-jdbc-3.8.11.1.jar:/home/rocky/.m2/repository/org/freemarker/freemarker/2.3.23/freemarker-2.3.23.jar:/home/rocky/.m2/repository/org/mongodb/mongodb-driver/3.0.4/mongodb-driver-3.0.4.jar:/home/rocky/.m2/repository/org/mongodb/bson/3.0.4/bson-3.0.4.jar:/home/rocky/.m2/repository/org/mongodb/mongodb-driver-core/3.0.4/mongodb-driver-core-3.0.4.jar:/home/rocky/.m2/repository/com/eclipsesource/minimal-json/minimal-json/0.9.4/minimal-json-0.9.4.jar:/home/rocky/.m2/repository/com/microsoft/sqlserver/mssql-jdbc/6.1.0.jre8/mssql-jdbc-6.1.0.jre8.jar:/home/rocky/.m2/repository/com/microsoft/azure/azure-keyvault/0.9.3/azure-keyvault-0.9.3.jar:/home/rocky/.m2/repository/com/microsoft/azure/azure-core/0.9.3/azure-core-0.9.3.jar:/home/rocky/.m2/repository/com/sun/jersey/jersey-client/1.13/jersey-client-1.13.jar:/home/rocky/.m2/repository/com/sun/jersey/jersey-core/1.13/jersey-core-1.13.jar:/home/rocky/.m2/repository/com/sun/jersey/jersey-json/1.13/jersey-json-1.13.jar:/home/rocky/.m2/repository/org/codehaus/jettison/jettison/1.1/jettison-1.1.jar:/home/rocky/.m2/repository/stax/stax-api/1.0.1/stax-api-1.0.1.jar:/home/rocky/.m2/repository/com/sun/xml/bind/jaxb-impl/2.2.3-1/jaxb-impl-2.2.3-1.jar:/home/rocky/.m2/repository/javax/xml/bind/jaxb-api/2.2.2/jaxb-api-2.2.2.jar:/home/rocky/.m2/repository/javax/xml/stream/stax-api/1.0-2/stax-api-1.0-2.jar:/home/rocky/.m2/repository/org/codehaus/jackson/jackson-core-asl/1.9.2/jackson-core-asl-1.9.2.jar:/home/rocky/.m2/repository/org/codehaus/jackson/jackson-mapper-asl/1.9.2/jackson-mapper-asl-1.9.2.jar:/home/rocky/.m2/repository/org/codehaus/jackson/jackson-jaxrs/1.9.2/jackson-jaxrs-1.9.2.jar:/home/rocky/.m2/repository/org/codehaus/jackson/jackson-xc/1.9.2/jackson-xc-1.9.2.jar:/home/rocky/.m2/repository/com/microsoft/azure/adal4j/1.0.0/adal4j-1.0.0.jar:/home/rocky/.m2/repository/com/nimbusds/oauth2-oidc-sdk/4.5/oauth2-oidc-sdk-4.5.jar:/home/rocky/.m2/repository/net/jcip/jcip-annotations/1.0/jcip-annotations-1.0.jar:/home/rocky/.m2/repository/net/minidev/json-smart/1.1.1/json-smart-1.1.1.jar:/home/rocky/.m2/repository/com/nimbusds/lang-tag/1.4/lang-tag-1.4.jar:/home/rocky/.m2/repository/com/nimbusds/nimbus-jose-jwt/3.1.2/nimbus-jose-jwt-3.1.2.jar:/home/rocky/.m2/repository/org/bouncycastle/bcprov-jdk15on/1.51/bcprov-jdk15on-1.51.jar:/home/rocky/.m2/repository/mysql/mysql-connector-java/8.0.13/mysql-connector-java-8.0.13.jar:/home/rocky/.m2/repository/com/google/protobuf/protobuf-java/3.6.1/protobuf-java-3.6.1.jar:/home/rocky/.m2/repository/com/google/guava/guava/28.0-jre/guava-28.0-jre.jar:/home/rocky/.m2/repository/com/google/guava/failureaccess/1.0.1/failureaccess-1.0.1.jar:/home/rocky/.m2/repository/com/google/guava/listenablefuture/9999.0-empty-to-avoid-conflict-with-guava/listenablefuture-9999.0-empty-to-avoid-conflict-with-guava.jar:/home/rocky/.m2/repository/com/google/code/findbugs/jsr305/3.0.2/jsr305-3.0.2.jar:/home/rocky/.m2/repository/org/checkerframework/checker-qual/2.8.1/checker-qual-2.8.1.jar:/home/rocky/.m2/repository/com/google/errorprone/error_prone_annotations/2.3.2/error_prone_annotations-2.3.2.jar:/home/rocky/.m2/repository/com/google/j2objc/j2objc-annotations/1.3/j2objc-annotations-1.3.jar:/home/rocky/.m2/repository/org/codehaus/mojo/animal-sniffer-annotations/1.17/animal-sniffer-annotations-1.17.jar:/home/rocky/.m2/repository/org/json/json/20180130/json-20180130.jar:/home/rocky/.m2/repository/org/apache/poi/poi/4.1.0/poi-4.1.0.jar:/home/rocky/.m2/repository/org/apache/commons/commons-collections4/4.3/commons-collections4-4.3.jar:/home/rocky/.m2/repository/org/apache/commons/commons-math3/3.6.1/commons-math3-3.6.1.jar:/home/rocky/.m2/repository/org/apache/poi/poi-ooxml/4.1.0/poi-ooxml-4.1.0.jar:/home/rocky/.m2/repository/org/apache/poi/poi-ooxml-schemas/4.1.0/poi-ooxml-schemas-4.1.0.jar:/home/rocky/.m2/repository/org/apache/xmlbeans/xmlbeans/3.1.0/xmlbeans-3.1.0.jar:/home/rocky/.m2/repository/org/apache/commons/commons-compress/1.18/commons-compress-1.18.jar:/home/rocky/.m2/repository/com/github/virtuald/curvesapi/1.06/curvesapi-1.06.jar:/home/rocky/.m2/repository/log4j/log4j/1.2.17/log4j-1.2.17.jar:/home/rocky/.m2/repository/net/sourceforge/tess4j/tess4j/4.3.1/tess4j-4.3.1.jar:/home/rocky/.m2/repository/net/java/dev/jna/jna/5.1.0/jna-5.1.0.jar:/home/rocky/.m2/repository/com/github/jai-imageio/jai-imageio-core/1.4.0/jai-imageio-core-1.4.0.jar:/home/rocky/.m2/repository/org/ghost4j/ghost4j/1.0.1/ghost4j-1.0.1.jar:/home/rocky/.m2/repository/org/apache/xmlgraphics/xmlgraphics-commons/1.4/xmlgraphics-commons-1.4.jar:/home/rocky/.m2/repository/com/lowagie/itext/2.1.7/itext-2.1.7.jar:/home/rocky/.m2/repository/org/apache/pdfbox/pdfbox/2.0.12/pdfbox-2.0.12.jar:/home/rocky/.m2/repository/org/apache/pdfbox/fontbox/2.0.12/fontbox-2.0.12.jar:/home/rocky/.m2/repository/org/apache/pdfbox/pdfbox-tools/2.0.12/pdfbox-tools-2.0.12.jar:/home/rocky/.m2/repository/org/apache/pdfbox/pdfbox-debugger/2.0.12/pdfbox-debugger-2.0.12.jar:/home/rocky/.m2/repository/org/apache/pdfbox/jbig2-imageio/3.0.2/jbig2-imageio-3.0.2.jar:/home/rocky/.m2/repository/net/sourceforge/lept4j/lept4j/1.10.0/lept4j-1.10.0.jar:/home/rocky/.m2/repository/org/jboss/jboss-vfs/3.2.14.Final/jboss-vfs-3.2.14.Final.jar:/home/rocky/.m2/repository/org/jboss/logging/jboss-logging/3.1.4.GA/jboss-logging-3.1.4.GA.jar:/home/rocky/.m2/repository/ch/qos/logback/logback-classic/1.2.3/logback-classic-1.2.3.jar:/home/rocky/.m2/repository/ch/qos/logback/logback-core/1.2.3/logback-core-1.2.3.jar:/home/rocky/.m2/repository/org/slf4j/jul-to-slf4j/1.7.25/jul-to-slf4j-1.7.25.jar:/home/rocky/.m2/repository/org/slf4j/jcl-over-slf4j/1.7.25/jcl-over-slf4j-1.7.25.jar:/home/rocky/.m2/repository/org/slf4j/log4j-over-slf4j/1.7.25/log4j-over-slf4j-1.7.25.jar:"/>
    <property name="sun.cpu.endian" value="little"/>
    <property name="allure.results.directory" value="${suiteOutput}/allure-results"/>
    <property name="user.home" value="/home/rocky"/>
    <property name="user.language" value="en"/>
    <property name="java.specification.vendor" value="Oracle Corporation"/>
    <property name="java.home" value="/home/programs/java/jdk1.8.0_211_x64/jre"/>
    <property name="basedir" value="/home/rocky/git/lucy_api_test_script/AutomationCore"/>
    <property name="file.separator" value="/"/>
    <property name="line.separator" value="&#10;"/>
    <property name="java.vm.specification.vendor" value="Oracle Corporation"/>
    <property name="java.specification.name" value="Java Platform API Specification"/>
    <property name="java.awt.graphicsenv" value="sun.awt.X11GraphicsEnvironment"/>
    <property name="surefire.real.class.path" value="/home/rocky/git/lucy_api_test_script/AutomationCore/target/surefire/surefirebooter2733575591176375035.jar:/home/rocky/.m2/repository/org/aspectj/aspectjweaver/1.8.10/aspectjweaver-1.8.10.jar"/>
    <property name="sun.boot.class.path" value="/home/programs/java/jdk1.8.0_211_x64/jre/lib/resources.jar:/home/programs/java/jdk1.8.0_211_x64/jre/lib/rt.jar:/home/programs/java/jdk1.8.0_211_x64/jre/lib/sunrsasign.jar:/home/programs/java/jdk1.8.0_211_x64/jre/lib/jsse.jar:/home/programs/java/jdk1.8.0_211_x64/jre/lib/jce.jar:/home/programs/java/jdk1.8.0_211_x64/jre/lib/charsets.jar:/home/programs/java/jdk1.8.0_211_x64/jre/lib/jfr.jar:/home/programs/java/jdk1.8.0_211_x64/jre/classes"/>
    <property name="sun.management.compiler" value="HotSpot 64-Bit Tiered Compilers"/>
    <property name="java.runtime.version" value="1.8.0_211-b12"/>
    <property name="user.name" value="rocky"/>
    <property name="path.separator" value=":"/>
    <property name="os.version" value="5.0.0-27-generic"/>
    <property name="java.endorsed.dirs" value="/home/programs/java/jdk1.8.0_211_x64/jre/lib/endorsed"/>
    <property name="java.runtime.name" value="Java(TM) SE Runtime Environment"/>
    <property name="file.encoding" value="UTF-8"/>
    <property name="java.vm.name" value="Java HotSpot(TM) 64-Bit Server VM"/>
    <property name="localRepository" value="/home/rocky/.m2/repository"/>
    <property name="java.vendor.url.bug" value="http://bugreport.sun.com/bugreport/"/>
    <property name="java.io.tmpdir" value="/tmp"/>
    <property name="java.version" value="1.8.0_211"/>
    <property name="user.dir" value="/home/rocky/git/lucy_api_test_script/AutomationCore"/>
    <property name="os.arch" value="amd64"/>
    <property name="java.vm.specification.name" value="Java Virtual Machine Specification"/>
    <property name="java.awt.printerjob" value="sun.print.PSPrinterJob"/>
    <property name="sun.os.patch.level" value="unknown"/>
    <property name="java.library.path" value="/usr/java/packages/lib/amd64:/usr/lib64:/lib64:/lib:/usr/lib"/>
    <property name="java.vm.info" value="mixed mode"/>
    <property name="java.vendor" value="Oracle Corporation"/>
    <property name="java.vm.version" value="25.211-b12"/>
    <property name="java.ext.dirs" value="/home/programs/java/jdk1.8.0_211_x64/jre/lib/ext:/usr/java/packages/lib/ext"/>
    <property name="sun.io.unicode.encoding" value="UnicodeLittle"/>
    <property name="java.class.version" value="52.0"/>
  </properties>
  <testcase name="test" classname="com.automation.tests.PagePersonalTest" time="1.294"/>
</testsuite>